2025-09-02 08:15:30,172 - migration - INFO - Logging to C:\Users\franc\OneDrive\Documentos\Desarrollos\Trabajo\ATE\mediatecaMedusa-to-omekaS\logs\migration_20250902_081530.log
2025-09-02 08:15:30,172 - migration - INFO - Starting WordPress to Omeka S migration process
2025-09-02 08:15:39,908 - migration - INFO - Loading configuration from: migration_config.json
2025-09-02 08:15:39,908 - migration - INFO - Configuration loaded successfully
2025-09-02 08:15:39,909 - migration - INFO - Setting as_task parameter to '1' for all importers
2025-09-02 08:15:39,909 - migration - INFO - Creating bulk importers
2025-09-02 08:15:40,014 - migration - INFO - Found bulk importer with label: T0. WP categories to Item Set XML (ID: 21)
2025-09-02 08:15:40,014 - migration - WARNING - Importer already exists: T0. WP categories to Item Set XML (ID: 21)
2025-09-02 08:15:40,102 - migration - INFO - Found bulk importer with label: T1. WP posts to Items XML (ID: 22)
2025-09-02 08:15:40,103 - migration - WARNING - Importer already exists: T1. WP posts to Items XML (ID: 22)
2025-09-02 08:15:40,188 - migration - INFO - Found bulk importer with label: T2. WP attachments to Media XML (ID: 23)
2025-09-02 08:15:40,188 - migration - WARNING - Importer already exists: T2. WP attachments to Media XML (ID: 23)
2025-09-02 08:15:40,190 - migration - INFO - Found 3 channels to migrate
2025-09-02 08:15:40,190 - migration - INFO - Initializing JSON reporter with output file: prueba.json
2025-09-02 08:15:40,191 - migration - INFO - Migrating channel: CEIP Los Blanquitos
2025-09-02 08:15:40,191 - migration - INFO - Starting migration for channel: CEIP Los Blanquitos
2025-09-02 08:15:40,191 - migration - INFO - Creating site in Omeka S: CEIP Los Blanquitos
2025-09-02 08:15:40,191 - migration - INFO - Getting site by slug: ceiplosblanquitos
2025-09-02 08:15:40,284 - migration - INFO - Found site with slug: ceiplosblanquitos (ID: 14)
2025-09-02 08:15:40,284 - migration - WARNING - Site already exists: CEIP Los Blanquitos (ID: 14)
2025-09-02 08:15:40,285 - migration - INFO - Creating user in Omeka S: losblanquitos_admin
2025-09-02 08:15:40,370 - migration - INFO - Found user with email: losblanquitos_admin@gobiernodecanarias.org (ID: 12)
2025-09-02 08:15:40,371 - migration - WARNING - User already exists: losblanquitos_admin (ID: 12)
2025-09-02 08:15:40,371 - migration - INFO - Adding user (ID: 12) to site (ID: 14)
2025-09-02 08:15:40,449 - migration - WARNING - User (ID: 12) already has permissions for site (ID: 14)
2025-09-02 08:15:40,449 - migration - INFO - User (ID: 12) added to site (ID: 14)
2025-09-02 08:15:40,450 - migration - INFO - Exporting data from WordPress: https://www3.gobiernodecanarias.org/medusa/mediateca/ceiplosblanquitos
2025-09-02 08:15:40,547 - migration - ERROR - Error during migration process: Error en el login. Revisa las credenciales y la URL.
